[11-08 00:01:36]: [INFO] Created column 'regdate' and set the current timestamp, 1731024096519, to all 0 rows
[11-08 00:01:36]: [INFO] SQLite Setup finished
[11-08 00:01:36]: [INFO] No supported permissions system found! Permissions are disabled!
[11-08 00:01:36]: [WARN] WARNING! The protectInventory feature requires ProtocolLib! Disabling it...
[11-08 00:01:37]: [INFO] AuthMe 5.6.0 build n.CUSTOM successfully enabled!
[11-08 00:01:37]: [INFO] Downloading GEO IP database, because the old database is older than 30 days or doesn't exist
[11-08 00:01:37]: [WARN] No MaxMind credentials found in the configuration file! GeoIp protections will be disabled.
[11-08 00:01:37]: [INFO] There is no newer GEO IP database uploaded to MaxMind. Using the old one for now.
[11-08 00:01:37]: [WARN] Could not download GeoLiteAPI database [FileNotFoundException]: plugins/AuthMe/GeoLite2-Country.mmdb (No such file or directory)
[11-08 00:01:37]: java.io.FileNotFoundException: plugins/AuthMe/GeoLite2-Country.mmdb (No such file or directory)
	at java.base/java.io.RandomAccessFile.open0(Native Method)
	at java.base/java.io.RandomAccessFile.open(RandomAccessFile.java:356)
	at java.base/java.io.RandomAccessFile.<init>(RandomAccessFile.java:273)
	at java.base/java.io.RandomAccessFile.<init>(RandomAccessFile.java:223)
	at fr.xephi.authme.libs.com.maxmind.db.BufferHolder.<init>(BufferHolder.java:20)
	at fr.xephi.authme.libs.com.maxmind.db.Reader.<init>(Reader.java:121)
	at fr.xephi.authme.service.GeoIpService.startReading(GeoIpService.java:179)
	at fr.xephi.authme.service.GeoIpService.updateDatabase(GeoIpService.java:150)
	at org.bukkit.craftbukkit.v1_8_R3.scheduler.CraftTask.run(CraftTask.java:59)
	at org.bukkit.craftbukkit.v1_8_R3.scheduler.CraftAsyncTask.run(CraftAsyncTask.java:53)
	at org.github.paperspigot.ServerSchedulerReportingWrapper.run(ServerSchedulerReportingWrapper.java:23)
	at java.base/java.util.concurrent.ThreadPoolExecutor.runWorker(ThreadPoolExecutor.java:1144)
	at java.base/java.util.concurrent.ThreadPoolExecutor$Worker.run(ThreadPoolExecutor.java:642)
	at java.base/java.lang.Thread.run(Thread.java:1583)

[11-08 00:01:46]: [FINE] _QuestionMark_ registered 0:0:0:0:0:0:0:1
[11-08 00:01:46]: [FINE] _QuestionMark_ logged in 0:0:0:0:0:0:0:1
[11-08 00:02:05]: [INFO] AuthMe 5.6.0-bCUSTOM disabled!
[11-08 00:02:06]: [INFO] SQLite Setup finished
[11-08 00:02:06]: [INFO] No supported permissions system found! Permissions are disabled!
[11-08 00:02:06]: [WARN] WARNING! The protectInventory feature requires ProtocolLib! Disabling it...
[11-08 00:02:06]: [INFO] AuthMe 5.6.0 build n.CUSTOM successfully enabled!
[11-08 00:02:14]: [INFO] Downloading GEO IP database, because the old database is older than 30 days or doesn't exist
[11-08 00:02:14]: [WARN] No MaxMind credentials found in the configuration file! GeoIp protections will be disabled.
[11-08 00:02:14]: [INFO] There is no newer GEO IP database uploaded to MaxMind. Using the old one for now.
[11-08 00:02:14]: [WARN] Could not download GeoLiteAPI database [FileNotFoundException]: plugins/AuthMe/GeoLite2-Country.mmdb (No such file or directory)
[11-08 00:02:14]: java.io.FileNotFoundException: plugins/AuthMe/GeoLite2-Country.mmdb (No such file or directory)
	at java.base/java.io.RandomAccessFile.open0(Native Method)
	at java.base/java.io.RandomAccessFile.open(RandomAccessFile.java:356)
	at java.base/java.io.RandomAccessFile.<init>(RandomAccessFile.java:273)
	at java.base/java.io.RandomAccessFile.<init>(RandomAccessFile.java:223)
	at fr.xephi.authme.libs.com.maxmind.db.BufferHolder.<init>(BufferHolder.java:20)
	at fr.xephi.authme.libs.com.maxmind.db.Reader.<init>(Reader.java:121)
	at fr.xephi.authme.service.GeoIpService.startReading(GeoIpService.java:179)
	at fr.xephi.authme.service.GeoIpService.updateDatabase(GeoIpService.java:150)
	at org.bukkit.craftbukkit.v1_8_R3.scheduler.CraftTask.run(CraftTask.java:59)
	at org.bukkit.craftbukkit.v1_8_R3.scheduler.CraftAsyncTask.run(CraftAsyncTask.java:53)
	at org.github.paperspigot.ServerSchedulerReportingWrapper.run(ServerSchedulerReportingWrapper.java:23)
	at java.base/java.util.concurrent.ThreadPoolExecutor.runWorker(ThreadPoolExecutor.java:1144)
	at java.base/java.util.concurrent.ThreadPoolExecutor$Worker.run(ThreadPoolExecutor.java:642)
	at java.base/java.lang.Thread.run(Thread.java:1583)

[11-08 00:02:14]: [FINE] _QuestionMark_ logged in 0:0:0:0:0:0:0:1
[11-08 00:25:24]: [INFO] SQLite Setup finished
[11-08 00:25:24]: [INFO] No supported permissions system found! Permissions are disabled!
[11-08 00:25:25]: [WARN] WARNING! The protectInventory feature requires ProtocolLib! Disabling it...
[11-08 00:25:25]: [INFO] AuthMe 5.6.0 build n.CUSTOM successfully enabled!
[11-08 00:25:40]: [INFO] Downloading GEO IP database, because the old database is older than 30 days or doesn't exist
[11-08 00:25:40]: [WARN] No MaxMind credentials found in the configuration file! GeoIp protections will be disabled.
[11-08 00:25:40]: [INFO] There is no newer GEO IP database uploaded to MaxMind. Using the old one for now.
[11-08 00:25:40]: [WARN] Could not download GeoLiteAPI database [FileNotFoundException]: plugins/AuthMe/GeoLite2-Country.mmdb (No such file or directory)
[11-08 00:25:40]: java.io.FileNotFoundException: plugins/AuthMe/GeoLite2-Country.mmdb (No such file or directory)
	at java.base/java.io.RandomAccessFile.open0(Native Method)
	at java.base/java.io.RandomAccessFile.open(RandomAccessFile.java:356)
	at java.base/java.io.RandomAccessFile.<init>(RandomAccessFile.java:273)
	at java.base/java.io.RandomAccessFile.<init>(RandomAccessFile.java:223)
	at fr.xephi.authme.libs.com.maxmind.db.BufferHolder.<init>(BufferHolder.java:20)
	at fr.xephi.authme.libs.com.maxmind.db.Reader.<init>(Reader.java:121)
	at fr.xephi.authme.service.GeoIpService.startReading(GeoIpService.java:179)
	at fr.xephi.authme.service.GeoIpService.updateDatabase(GeoIpService.java:150)
	at org.bukkit.craftbukkit.v1_8_R3.scheduler.CraftTask.run(CraftTask.java:59)
	at org.bukkit.craftbukkit.v1_8_R3.scheduler.CraftAsyncTask.run(CraftAsyncTask.java:53)
	at org.github.paperspigot.ServerSchedulerReportingWrapper.run(ServerSchedulerReportingWrapper.java:23)
	at java.base/java.util.concurrent.ThreadPoolExecutor.runWorker(ThreadPoolExecutor.java:1144)
	at java.base/java.util.concurrent.ThreadPoolExecutor$Worker.run(ThreadPoolExecutor.java:642)
	at java.base/java.lang.Thread.run(Thread.java:1583)

[11-08 00:26:09]: [FINE] _QuestionMark_ logged in 0:0:0:0:0:0:0:1
[11-08 01:33:29]: [INFO] SQLite Setup finished
[11-08 01:33:30]: [INFO] No supported permissions system found! Permissions are disabled!
[11-08 01:33:30]: [WARN] WARNING! The protectInventory feature requires ProtocolLib! Disabling it...
[11-08 01:33:31]: [INFO] AuthMe 5.6.0 build n.CUSTOM successfully enabled!
[11-08 01:33:44]: [INFO] Downloading GEO IP database, because the old database is older than 30 days or doesn't exist
[11-08 01:33:44]: [WARN] No MaxMind credentials found in the configuration file! GeoIp protections will be disabled.
[11-08 01:33:44]: [INFO] There is no newer GEO IP database uploaded to MaxMind. Using the old one for now.
[11-08 01:33:44]: [WARN] Could not download GeoLiteAPI database [FileNotFoundException]: plugins/AuthMe/GeoLite2-Country.mmdb (No such file or directory)
[11-08 01:33:44]: java.io.FileNotFoundException: plugins/AuthMe/GeoLite2-Country.mmdb (No such file or directory)
	at java.base/java.io.RandomAccessFile.open0(Native Method)
	at java.base/java.io.RandomAccessFile.open(RandomAccessFile.java:356)
	at java.base/java.io.RandomAccessFile.<init>(RandomAccessFile.java:273)
	at java.base/java.io.RandomAccessFile.<init>(RandomAccessFile.java:223)
	at fr.xephi.authme.libs.com.maxmind.db.BufferHolder.<init>(BufferHolder.java:20)
	at fr.xephi.authme.libs.com.maxmind.db.Reader.<init>(Reader.java:121)
	at fr.xephi.authme.service.GeoIpService.startReading(GeoIpService.java:179)
	at fr.xephi.authme.service.GeoIpService.updateDatabase(GeoIpService.java:150)
	at org.bukkit.craftbukkit.v1_8_R3.scheduler.CraftTask.run(CraftTask.java:59)
	at org.bukkit.craftbukkit.v1_8_R3.scheduler.CraftAsyncTask.run(CraftAsyncTask.java:53)
	at org.github.paperspigot.ServerSchedulerReportingWrapper.run(ServerSchedulerReportingWrapper.java:23)
	at java.base/java.util.concurrent.ThreadPoolExecutor.runWorker(ThreadPoolExecutor.java:1144)
	at java.base/java.util.concurrent.ThreadPoolExecutor$Worker.run(ThreadPoolExecutor.java:642)
	at java.base/java.lang.Thread.run(Thread.java:1583)

[11-08 01:34:01]: [FINE] _QuestionMark_ logged in 0:0:0:0:0:0:0:1
[11-08 01:34:53]: [INFO] AuthMe 5.6.0-bCUSTOM disabled!
[11-08 01:34:54]: [INFO] SQLite Setup finished
[11-08 01:34:54]: [INFO] No supported permissions system found! Permissions are disabled!
[11-08 01:34:54]: [WARN] WARNING! The protectInventory feature requires ProtocolLib! Disabling it...
[11-08 01:34:54]: [INFO] AuthMe 5.6.0 build n.CUSTOM successfully enabled!
[11-08 01:34:58]: [INFO] AuthMe 5.6.0-bCUSTOM disabled!
[11-08 01:35:20]: [INFO] SQLite Setup finished
[11-08 01:35:20]: [INFO] No supported permissions system found! Permissions are disabled!
[11-08 01:35:21]: [WARN] WARNING! The protectInventory feature requires ProtocolLib! Disabling it...
[11-08 01:35:21]: [INFO] AuthMe 5.6.0 build n.CUSTOM successfully enabled!
[11-08 01:35:25]: [INFO] Downloading GEO IP database, because the old database is older than 30 days or doesn't exist
[11-08 01:35:25]: [WARN] No MaxMind credentials found in the configuration file! GeoIp protections will be disabled.
[11-08 01:35:25]: [INFO] There is no newer GEO IP database uploaded to MaxMind. Using the old one for now.
[11-08 01:35:25]: [WARN] Could not download GeoLiteAPI database [FileNotFoundException]: plugins/AuthMe/GeoLite2-Country.mmdb (No such file or directory)
[11-08 01:35:25]: java.io.FileNotFoundException: plugins/AuthMe/GeoLite2-Country.mmdb (No such file or directory)
	at java.base/java.io.RandomAccessFile.open0(Native Method)
	at java.base/java.io.RandomAccessFile.open(RandomAccessFile.java:356)
	at java.base/java.io.RandomAccessFile.<init>(RandomAccessFile.java:273)
	at java.base/java.io.RandomAccessFile.<init>(RandomAccessFile.java:223)
	at fr.xephi.authme.libs.com.maxmind.db.BufferHolder.<init>(BufferHolder.java:20)
	at fr.xephi.authme.libs.com.maxmind.db.Reader.<init>(Reader.java:121)
	at fr.xephi.authme.service.GeoIpService.startReading(GeoIpService.java:179)
	at fr.xephi.authme.service.GeoIpService.updateDatabase(GeoIpService.java:150)
	at org.bukkit.craftbukkit.v1_8_R3.scheduler.CraftTask.run(CraftTask.java:59)
	at org.bukkit.craftbukkit.v1_8_R3.scheduler.CraftAsyncTask.run(CraftAsyncTask.java:53)
	at org.github.paperspigot.ServerSchedulerReportingWrapper.run(ServerSchedulerReportingWrapper.java:23)
	at java.base/java.util.concurrent.ThreadPoolExecutor.runWorker(ThreadPoolExecutor.java:1144)
	at java.base/java.util.concurrent.ThreadPoolExecutor$Worker.run(ThreadPoolExecutor.java:642)
	at java.base/java.lang.Thread.run(Thread.java:1583)

[11-08 01:35:52]: [FINE] _QuestionMark_ logged in 0:0:0:0:0:0:0:1
[11-08 02:10:37]: [INFO] AuthMe 5.6.0-bCUSTOM disabled!
[11-08 02:10:42]: [INFO] SQLite Setup finished
[11-08 02:10:42]: [INFO] No supported permissions system found! Permissions are disabled!
[11-08 02:10:42]: [INFO] AuthMe 5.6.0 build n.CUSTOM successfully enabled!
[11-08 02:10:42]: [INFO] AuthMe 5.6.0-bCUSTOM disabled!
[11-08 02:11:04]: [INFO] SQLite Setup finished
[11-08 02:11:04]: [INFO] No supported permissions system found! Permissions are disabled!
[11-08 02:11:05]: [INFO] AuthMe 5.6.0 build n.CUSTOM successfully enabled!
[11-08 02:11:05]: [INFO] Downloading GEO IP database, because the old database is older than 30 days or doesn't exist
[11-08 02:11:05]: [WARN] No MaxMind credentials found in the configuration file! GeoIp protections will be disabled.
[11-08 02:11:05]: [INFO] There is no newer GEO IP database uploaded to MaxMind. Using the old one for now.
[11-08 02:11:05]: [WARN] Could not download GeoLiteAPI database [FileNotFoundException]: plugins/AuthMe/GeoLite2-Country.mmdb (No such file or directory)
[11-08 02:11:05]: java.io.FileNotFoundException: plugins/AuthMe/GeoLite2-Country.mmdb (No such file or directory)
	at java.base/java.io.RandomAccessFile.open0(Native Method)
	at java.base/java.io.RandomAccessFile.open(RandomAccessFile.java:356)
	at java.base/java.io.RandomAccessFile.<init>(RandomAccessFile.java:273)
	at java.base/java.io.RandomAccessFile.<init>(RandomAccessFile.java:223)
	at fr.xephi.authme.libs.com.maxmind.db.BufferHolder.<init>(BufferHolder.java:20)
	at fr.xephi.authme.libs.com.maxmind.db.Reader.<init>(Reader.java:121)
	at fr.xephi.authme.service.GeoIpService.startReading(GeoIpService.java:179)
	at fr.xephi.authme.service.GeoIpService.updateDatabase(GeoIpService.java:150)
	at org.bukkit.craftbukkit.v1_8_R3.scheduler.CraftTask.run(CraftTask.java:59)
	at org.bukkit.craftbukkit.v1_8_R3.scheduler.CraftAsyncTask.run(CraftAsyncTask.java:53)
	at org.github.paperspigot.ServerSchedulerReportingWrapper.run(ServerSchedulerReportingWrapper.java:23)
	at java.base/java.util.concurrent.ThreadPoolExecutor.runWorker(ThreadPoolExecutor.java:1144)
	at java.base/java.util.concurrent.ThreadPoolExecutor$Worker.run(ThreadPoolExecutor.java:642)
	at java.base/java.lang.Thread.run(Thread.java:1583)

[11-08 02:11:08]: [FINE] _QuestionMark_ logged in 0:0:0:0:0:0:0:1
[11-08 02:12:52]: [INFO] AuthMe 5.6.0-bCUSTOM disabled!
[11-08 03:35:11]: [INFO] SQLite Setup finished
[11-08 03:35:11]: [INFO] No supported permissions system found! Permissions are disabled!
[11-08 03:35:11]: [INFO] AuthMe 5.6.0 build n.CUSTOM successfully enabled!
[11-08 03:35:12]: [INFO] Downloading GEO IP database, because the old database is older than 30 days or doesn't exist
[11-08 03:35:12]: [WARN] No MaxMind credentials found in the configuration file! GeoIp protections will be disabled.
[11-08 03:35:12]: [INFO] There is no newer GEO IP database uploaded to MaxMind. Using the old one for now.
[11-08 03:35:12]: [WARN] Could not download GeoLiteAPI database [FileNotFoundException]: plugins/AuthMe/GeoLite2-Country.mmdb (No such file or directory)
[11-08 03:35:12]: java.io.FileNotFoundException: plugins/AuthMe/GeoLite2-Country.mmdb (No such file or directory)
	at java.base/java.io.RandomAccessFile.open0(Native Method)
	at java.base/java.io.RandomAccessFile.open(RandomAccessFile.java:356)
	at java.base/java.io.RandomAccessFile.<init>(RandomAccessFile.java:273)
	at java.base/java.io.RandomAccessFile.<init>(RandomAccessFile.java:223)
	at fr.xephi.authme.libs.com.maxmind.db.BufferHolder.<init>(BufferHolder.java:20)
	at fr.xephi.authme.libs.com.maxmind.db.Reader.<init>(Reader.java:121)
	at fr.xephi.authme.service.GeoIpService.startReading(GeoIpService.java:179)
	at fr.xephi.authme.service.GeoIpService.updateDatabase(GeoIpService.java:150)
	at org.bukkit.craftbukkit.v1_8_R3.scheduler.CraftTask.run(CraftTask.java:59)
	at org.bukkit.craftbukkit.v1_8_R3.scheduler.CraftAsyncTask.run(CraftAsyncTask.java:53)
	at org.github.paperspigot.ServerSchedulerReportingWrapper.run(ServerSchedulerReportingWrapper.java:23)
	at java.base/java.util.concurrent.ThreadPoolExecutor.runWorker(ThreadPoolExecutor.java:1144)
	at java.base/java.util.concurrent.ThreadPoolExecutor$Worker.run(ThreadPoolExecutor.java:642)
	at java.base/java.lang.Thread.run(Thread.java:1583)

[11-08 03:40:13]: [FINE] _QuestionMark_ logged in 0:0:0:0:0:0:0:1
[11-08 04:35:20]: [INFO] AuthMe 5.6.0-bCUSTOM disabled!
[11-08 04:35:23]: [INFO] SQLite Setup finished
[11-08 04:35:23]: [INFO] No supported permissions system found! Permissions are disabled!
[11-08 04:35:23]: [INFO] AuthMe 5.6.0 build n.CUSTOM successfully enabled!
[11-08 04:35:24]: [INFO] AuthMe 5.6.0-bCUSTOM disabled!
[11-08 04:35:49]: [INFO] SQLite Setup finished
[11-08 04:35:49]: [INFO] No supported permissions system found! Permissions are disabled!
[11-08 04:35:49]: [INFO] AuthMe 5.6.0 build n.CUSTOM successfully enabled!
[11-08 04:35:50]: [INFO] Downloading GEO IP database, because the old database is older than 30 days or doesn't exist
[11-08 04:35:50]: [WARN] No MaxMind credentials found in the configuration file! GeoIp protections will be disabled.
[11-08 04:35:50]: [INFO] There is no newer GEO IP database uploaded to MaxMind. Using the old one for now.
[11-08 04:35:50]: [WARN] Could not download GeoLiteAPI database [FileNotFoundException]: plugins/AuthMe/GeoLite2-Country.mmdb (No such file or directory)
[11-08 04:35:50]: java.io.FileNotFoundException: plugins/AuthMe/GeoLite2-Country.mmdb (No such file or directory)
	at java.base/java.io.RandomAccessFile.open0(Native Method)
	at java.base/java.io.RandomAccessFile.open(RandomAccessFile.java:356)
	at java.base/java.io.RandomAccessFile.<init>(RandomAccessFile.java:273)
	at java.base/java.io.RandomAccessFile.<init>(RandomAccessFile.java:223)
	at fr.xephi.authme.libs.com.maxmind.db.BufferHolder.<init>(BufferHolder.java:20)
	at fr.xephi.authme.libs.com.maxmind.db.Reader.<init>(Reader.java:121)
	at fr.xephi.authme.service.GeoIpService.startReading(GeoIpService.java:179)
	at fr.xephi.authme.service.GeoIpService.updateDatabase(GeoIpService.java:150)
	at org.bukkit.craftbukkit.v1_8_R3.scheduler.CraftTask.run(CraftTask.java:59)
	at org.bukkit.craftbukkit.v1_8_R3.scheduler.CraftAsyncTask.run(CraftAsyncTask.java:53)
	at org.github.paperspigot.ServerSchedulerReportingWrapper.run(ServerSchedulerReportingWrapper.java:23)
	at java.base/java.util.concurrent.ThreadPoolExecutor.runWorker(ThreadPoolExecutor.java:1144)
	at java.base/java.util.concurrent.ThreadPoolExecutor$Worker.run(ThreadPoolExecutor.java:642)
	at java.base/java.lang.Thread.run(Thread.java:1583)

[11-08 04:35:56]: [FINE] _QuestionMark_ logged in 0:0:0:0:0:0:0:1
[11-08 04:36:33]: [INFO] AuthMe 5.6.0-bCUSTOM disabled!
[11-08 04:36:36]: [INFO] SQLite Setup finished
[11-08 04:36:36]: [INFO] No supported permissions system found! Permissions are disabled!
[11-08 04:36:36]: [INFO] AuthMe 5.6.0 build n.CUSTOM successfully enabled!
[11-08 04:36:37]: [INFO] AuthMe 5.6.0-bCUSTOM disabled!
[11-08 04:36:57]: [INFO] SQLite Setup finished
[11-08 04:36:57]: [INFO] No supported permissions system found! Permissions are disabled!
[11-08 04:36:57]: [INFO] AuthMe 5.6.0 build n.CUSTOM successfully enabled!
[11-08 04:36:58]: [INFO] Downloading GEO IP database, because the old database is older than 30 days or doesn't exist
[11-08 04:36:58]: [WARN] No MaxMind credentials found in the configuration file! GeoIp protections will be disabled.
[11-08 04:36:58]: [INFO] There is no newer GEO IP database uploaded to MaxMind. Using the old one for now.
[11-08 04:36:58]: [WARN] Could not download GeoLiteAPI database [FileNotFoundException]: plugins/AuthMe/GeoLite2-Country.mmdb (No such file or directory)
[11-08 04:36:58]: java.io.FileNotFoundException: plugins/AuthMe/GeoLite2-Country.mmdb (No such file or directory)
	at java.base/java.io.RandomAccessFile.open0(Native Method)
	at java.base/java.io.RandomAccessFile.open(RandomAccessFile.java:356)
	at java.base/java.io.RandomAccessFile.<init>(RandomAccessFile.java:273)
	at java.base/java.io.RandomAccessFile.<init>(RandomAccessFile.java:223)
	at fr.xephi.authme.libs.com.maxmind.db.BufferHolder.<init>(BufferHolder.java:20)
	at fr.xephi.authme.libs.com.maxmind.db.Reader.<init>(Reader.java:121)
	at fr.xephi.authme.service.GeoIpService.startReading(GeoIpService.java:179)
	at fr.xephi.authme.service.GeoIpService.updateDatabase(GeoIpService.java:150)
	at org.bukkit.craftbukkit.v1_8_R3.scheduler.CraftTask.run(CraftTask.java:59)
	at org.bukkit.craftbukkit.v1_8_R3.scheduler.CraftAsyncTask.run(CraftAsyncTask.java:53)
	at org.github.paperspigot.ServerSchedulerReportingWrapper.run(ServerSchedulerReportingWrapper.java:23)
	at java.base/java.util.concurrent.ThreadPoolExecutor.runWorker(ThreadPoolExecutor.java:1144)
	at java.base/java.util.concurrent.ThreadPoolExecutor$Worker.run(ThreadPoolExecutor.java:642)
	at java.base/java.lang.Thread.run(Thread.java:1583)

[11-08 04:37:03]: [FINE] _QuestionMark_ logged in 0:0:0:0:0:0:0:1
[11-08 04:39:59]: [INFO] AuthMe 5.6.0-bCUSTOM disabled!
[11-08 21:57:24]: [INFO] SQLite Setup finished
[11-08 21:57:24]: [INFO] No supported permissions system found! Permissions are disabled!
[11-08 21:57:25]: [INFO] AuthMe 5.6.0 build n.CUSTOM successfully enabled!
[11-08 21:57:26]: [INFO] Downloading GEO IP database, because the old database is older than 30 days or doesn't exist
[11-08 21:57:26]: [WARN] No MaxMind credentials found in the configuration file! GeoIp protections will be disabled.
[11-08 21:57:26]: [INFO] There is no newer GEO IP database uploaded to MaxMind. Using the old one for now.
[11-08 21:57:26]: [WARN] Could not download GeoLiteAPI database [FileNotFoundException]: plugins/AuthMe/GeoLite2-Country.mmdb (No such file or directory)
[11-08 21:57:26]: java.io.FileNotFoundException: plugins/AuthMe/GeoLite2-Country.mmdb (No such file or directory)
	at java.base/java.io.RandomAccessFile.open0(Native Method)
	at java.base/java.io.RandomAccessFile.open(RandomAccessFile.java:356)
	at java.base/java.io.RandomAccessFile.<init>(RandomAccessFile.java:273)
	at java.base/java.io.RandomAccessFile.<init>(RandomAccessFile.java:223)
	at fr.xephi.authme.libs.com.maxmind.db.BufferHolder.<init>(BufferHolder.java:20)
	at fr.xephi.authme.libs.com.maxmind.db.Reader.<init>(Reader.java:121)
	at fr.xephi.authme.service.GeoIpService.startReading(GeoIpService.java:179)
	at fr.xephi.authme.service.GeoIpService.updateDatabase(GeoIpService.java:150)
	at org.bukkit.craftbukkit.v1_8_R3.scheduler.CraftTask.run(CraftTask.java:59)
	at org.bukkit.craftbukkit.v1_8_R3.scheduler.CraftAsyncTask.run(CraftAsyncTask.java:53)
	at org.github.paperspigot.ServerSchedulerReportingWrapper.run(ServerSchedulerReportingWrapper.java:23)
	at java.base/java.util.concurrent.ThreadPoolExecutor.runWorker(ThreadPoolExecutor.java:1144)
	at java.base/java.util.concurrent.ThreadPoolExecutor$Worker.run(ThreadPoolExecutor.java:642)
	at java.base/java.lang.Thread.run(Thread.java:1583)

[11-08 21:58:47]: [FINE] _QuestionMark_ logged in 0:0:0:0:0:0:0:1
[11-08 22:21:25]: [INFO] SQLite Setup finished
[11-08 22:21:25]: [INFO] No supported permissions system found! Permissions are disabled!
[11-08 22:21:25]: [INFO] AuthMe 5.6.0 build n.CUSTOM successfully enabled!
[11-08 22:21:27]: [INFO] Downloading GEO IP database, because the old database is older than 30 days or doesn't exist
[11-08 22:21:27]: [WARN] No MaxMind credentials found in the configuration file! GeoIp protections will be disabled.
[11-08 22:21:27]: [INFO] There is no newer GEO IP database uploaded to MaxMind. Using the old one for now.
[11-08 22:21:27]: [WARN] Could not download GeoLiteAPI database [FileNotFoundException]: plugins/AuthMe/GeoLite2-Country.mmdb (No such file or directory)
[11-08 22:21:27]: java.io.FileNotFoundException: plugins/AuthMe/GeoLite2-Country.mmdb (No such file or directory)
	at java.base/java.io.RandomAccessFile.open0(Native Method)
	at java.base/java.io.RandomAccessFile.open(RandomAccessFile.java:356)
	at java.base/java.io.RandomAccessFile.<init>(RandomAccessFile.java:273)
	at java.base/java.io.RandomAccessFile.<init>(RandomAccessFile.java:223)
	at fr.xephi.authme.libs.com.maxmind.db.BufferHolder.<init>(BufferHolder.java:20)
	at fr.xephi.authme.libs.com.maxmind.db.Reader.<init>(Reader.java:121)
	at fr.xephi.authme.service.GeoIpService.startReading(GeoIpService.java:179)
	at fr.xephi.authme.service.GeoIpService.updateDatabase(GeoIpService.java:150)
	at org.bukkit.craftbukkit.v1_8_R3.scheduler.CraftTask.run(CraftTask.java:59)
	at org.bukkit.craftbukkit.v1_8_R3.scheduler.CraftAsyncTask.run(CraftAsyncTask.java:53)
	at org.github.paperspigot.ServerSchedulerReportingWrapper.run(ServerSchedulerReportingWrapper.java:23)
	at java.base/java.util.concurrent.ThreadPoolExecutor.runWorker(ThreadPoolExecutor.java:1144)
	at java.base/java.util.concurrent.ThreadPoolExecutor$Worker.run(ThreadPoolExecutor.java:642)
	at java.base/java.lang.Thread.run(Thread.java:1583)

[11-08 22:37:57]: [FINE] _QuestionMark_ logged in 0:0:0:0:0:0:0:1
[11-08 22:48:58]: [INFO] SQLite Setup finished
[11-08 22:48:58]: [INFO] No supported permissions system found! Permissions are disabled!
[11-08 22:48:58]: [INFO] AuthMe 5.6.0 build n.CUSTOM successfully enabled!
[11-08 22:49:00]: [INFO] Downloading GEO IP database, because the old database is older than 30 days or doesn't exist
[11-08 22:49:00]: [WARN] No MaxMind credentials found in the configuration file! GeoIp protections will be disabled.
[11-08 22:49:00]: [INFO] There is no newer GEO IP database uploaded to MaxMind. Using the old one for now.
[11-08 22:49:00]: [WARN] Could not download GeoLiteAPI database [FileNotFoundException]: plugins/AuthMe/GeoLite2-Country.mmdb (No such file or directory)
[11-08 22:49:00]: java.io.FileNotFoundException: plugins/AuthMe/GeoLite2-Country.mmdb (No such file or directory)
	at java.base/java.io.RandomAccessFile.open0(Native Method)
	at java.base/java.io.RandomAccessFile.open(RandomAccessFile.java:356)
	at java.base/java.io.RandomAccessFile.<init>(RandomAccessFile.java:273)
	at java.base/java.io.RandomAccessFile.<init>(RandomAccessFile.java:223)
	at fr.xephi.authme.libs.com.maxmind.db.BufferHolder.<init>(BufferHolder.java:20)
	at fr.xephi.authme.libs.com.maxmind.db.Reader.<init>(Reader.java:121)
	at fr.xephi.authme.service.GeoIpService.startReading(GeoIpService.java:179)
	at fr.xephi.authme.service.GeoIpService.updateDatabase(GeoIpService.java:150)
	at org.bukkit.craftbukkit.v1_8_R3.scheduler.CraftTask.run(CraftTask.java:59)
	at org.bukkit.craftbukkit.v1_8_R3.scheduler.CraftAsyncTask.run(CraftAsyncTask.java:53)
	at org.github.paperspigot.ServerSchedulerReportingWrapper.run(ServerSchedulerReportingWrapper.java:23)
	at java.base/java.util.concurrent.ThreadPoolExecutor.runWorker(ThreadPoolExecutor.java:1144)
	at java.base/java.util.concurrent.ThreadPoolExecutor$Worker.run(ThreadPoolExecutor.java:642)
	at java.base/java.lang.Thread.run(Thread.java:1583)

[11-08 22:50:14]: [FINE] _QuestionMark_ logged in 0:0:0:0:0:0:0:1
[11-08 23:03:18]: [INFO] AuthMe 5.6.0-bCUSTOM disabled!
[11-08 23:03:23]: [INFO] SQLite Setup finished
[11-08 23:03:23]: [INFO] No supported permissions system found! Permissions are disabled!
[11-08 23:03:23]: [INFO] Hooked successfully into Essentials
[11-08 23:03:23]: [INFO] Essentials spawn file not found: '/workspaces/testbed/server/plugins/Essentials/spawn.yml'
[11-08 23:03:23]: [INFO] AuthMe 5.6.0 build n.CUSTOM successfully enabled!
[11-08 23:03:23]: [INFO] AuthMe 5.6.0-bCUSTOM disabled!
[11-08 23:03:46]: [INFO] SQLite Setup finished
[11-08 23:03:46]: [INFO] No supported permissions system found! Permissions are disabled!
[11-08 23:03:46]: [INFO] Hooked successfully into Essentials
[11-08 23:03:46]: [INFO] Essentials spawn file not found: '/workspaces/testbed/server/plugins/Essentials/spawn.yml'
[11-08 23:03:46]: [INFO] AuthMe 5.6.0 build n.CUSTOM successfully enabled!
[11-08 23:03:47]: [INFO] Downloading GEO IP database, because the old database is older than 30 days or doesn't exist
[11-08 23:03:47]: [WARN] No MaxMind credentials found in the configuration file! GeoIp protections will be disabled.
[11-08 23:03:47]: [INFO] There is no newer GEO IP database uploaded to MaxMind. Using the old one for now.
[11-08 23:03:47]: [WARN] Could not download GeoLiteAPI database [FileNotFoundException]: plugins/AuthMe/GeoLite2-Country.mmdb (No such file or directory)
[11-08 23:03:47]: java.io.FileNotFoundException: plugins/AuthMe/GeoLite2-Country.mmdb (No such file or directory)
	at java.base/java.io.RandomAccessFile.open0(Native Method)
	at java.base/java.io.RandomAccessFile.open(RandomAccessFile.java:356)
	at java.base/java.io.RandomAccessFile.<init>(RandomAccessFile.java:273)
	at java.base/java.io.RandomAccessFile.<init>(RandomAccessFile.java:223)
	at fr.xephi.authme.libs.com.maxmind.db.BufferHolder.<init>(BufferHolder.java:20)
	at fr.xephi.authme.libs.com.maxmind.db.Reader.<init>(Reader.java:121)
	at fr.xephi.authme.service.GeoIpService.startReading(GeoIpService.java:179)
	at fr.xephi.authme.service.GeoIpService.updateDatabase(GeoIpService.java:150)
	at org.bukkit.craftbukkit.v1_8_R3.scheduler.CraftTask.run(CraftTask.java:59)
	at org.bukkit.craftbukkit.v1_8_R3.scheduler.CraftAsyncTask.run(CraftAsyncTask.java:53)
	at org.github.paperspigot.ServerSchedulerReportingWrapper.run(ServerSchedulerReportingWrapper.java:23)
	at java.base/java.util.concurrent.ThreadPoolExecutor.runWorker(ThreadPoolExecutor.java:1144)
	at java.base/java.util.concurrent.ThreadPoolExecutor$Worker.run(ThreadPoolExecutor.java:642)
	at java.base/java.lang.Thread.run(Thread.java:1583)

[11-08 23:04:34]: [FINE] _QuestionMark_ logged in 0:0:0:0:0:0:0:1
[11-09 02:19:33]: [INFO] SQLite Setup finished
[11-09 02:19:33]: [INFO] No supported permissions system found! Permissions are disabled!
[11-09 02:19:33]: [INFO] Hooked successfully into Essentials
[11-09 02:19:33]: [INFO] Essentials spawn file not found: '/workspaces/testbed/server/plugins/Essentials/spawn.yml'
[11-09 02:19:34]: [INFO] AuthMe 5.6.0 build n.CUSTOM successfully enabled!
[11-09 02:19:35]: [INFO] Downloading GEO IP database, because the old database is older than 30 days or doesn't exist
[11-09 02:19:35]: [WARN] No MaxMind credentials found in the configuration file! GeoIp protections will be disabled.
[11-09 02:19:35]: [INFO] There is no newer GEO IP database uploaded to MaxMind. Using the old one for now.
[11-09 02:19:35]: [WARN] Could not download GeoLiteAPI database [FileNotFoundException]: plugins/AuthMe/GeoLite2-Country.mmdb (No such file or directory)
[11-09 02:19:35]: java.io.FileNotFoundException: plugins/AuthMe/GeoLite2-Country.mmdb (No such file or directory)
	at java.base/java.io.RandomAccessFile.open0(Native Method)
	at java.base/java.io.RandomAccessFile.open(RandomAccessFile.java:356)
	at java.base/java.io.RandomAccessFile.<init>(RandomAccessFile.java:273)
	at java.base/java.io.RandomAccessFile.<init>(RandomAccessFile.java:223)
	at fr.xephi.authme.libs.com.maxmind.db.BufferHolder.<init>(BufferHolder.java:20)
	at fr.xephi.authme.libs.com.maxmind.db.Reader.<init>(Reader.java:121)
	at fr.xephi.authme.service.GeoIpService.startReading(GeoIpService.java:179)
	at fr.xephi.authme.service.GeoIpService.updateDatabase(GeoIpService.java:150)
	at org.bukkit.craftbukkit.v1_8_R3.scheduler.CraftTask.run(CraftTask.java:59)
	at org.bukkit.craftbukkit.v1_8_R3.scheduler.CraftAsyncTask.run(CraftAsyncTask.java:53)
	at org.github.paperspigot.ServerSchedulerReportingWrapper.run(ServerSchedulerReportingWrapper.java:23)
	at java.base/java.util.concurrent.ThreadPoolExecutor.runWorker(ThreadPoolExecutor.java:1144)
	at java.base/java.util.concurrent.ThreadPoolExecutor$Worker.run(ThreadPoolExecutor.java:642)
	at java.base/java.lang.Thread.run(Thread.java:1583)

[11-09 02:22:09]: [INFO] AuthMe 5.6.0-bCUSTOM disabled!
[11-09 02:22:11]: [INFO] SQLite Setup finished
[11-09 02:22:11]: [INFO] No supported permissions system found! Permissions are disabled!
[11-09 02:22:12]: [INFO] Hooked successfully into Essentials
[11-09 02:22:12]: [INFO] Essentials spawn file not found: '/workspaces/testbed/server/plugins/Essentials/spawn.yml'
[11-09 02:22:12]: [INFO] AuthMe 5.6.0 build n.CUSTOM successfully enabled!
[11-09 02:22:12]: [INFO] AuthMe 5.6.0-bCUSTOM disabled!
[11-09 02:22:47]: [INFO] SQLite Setup finished
[11-09 02:22:47]: [INFO] No supported permissions system found! Permissions are disabled!
[11-09 02:22:47]: [INFO] Hooked successfully into Essentials
[11-09 02:22:47]: [INFO] Essentials spawn file not found: '/workspaces/testbed/server/plugins/Essentials/spawn.yml'
[11-09 02:22:47]: [INFO] AuthMe 5.6.0 build n.CUSTOM successfully enabled!
[11-09 02:22:48]: [INFO] Downloading GEO IP database, because the old database is older than 30 days or doesn't exist
[11-09 02:22:48]: [WARN] No MaxMind credentials found in the configuration file! GeoIp protections will be disabled.
[11-09 02:22:48]: [INFO] There is no newer GEO IP database uploaded to MaxMind. Using the old one for now.
[11-09 02:22:48]: [WARN] Could not download GeoLiteAPI database [FileNotFoundException]: plugins/AuthMe/GeoLite2-Country.mmdb (No such file or directory)
[11-09 02:22:48]: java.io.FileNotFoundException: plugins/AuthMe/GeoLite2-Country.mmdb (No such file or directory)
	at java.base/java.io.RandomAccessFile.open0(Native Method)
	at java.base/java.io.RandomAccessFile.open(RandomAccessFile.java:356)
	at java.base/java.io.RandomAccessFile.<init>(RandomAccessFile.java:273)
	at java.base/java.io.RandomAccessFile.<init>(RandomAccessFile.java:223)
	at fr.xephi.authme.libs.com.maxmind.db.BufferHolder.<init>(BufferHolder.java:20)
	at fr.xephi.authme.libs.com.maxmind.db.Reader.<init>(Reader.java:121)
	at fr.xephi.authme.service.GeoIpService.startReading(GeoIpService.java:179)
	at fr.xephi.authme.service.GeoIpService.updateDatabase(GeoIpService.java:150)
	at org.bukkit.craftbukkit.v1_8_R3.scheduler.CraftTask.run(CraftTask.java:59)
	at org.bukkit.craftbukkit.v1_8_R3.scheduler.CraftAsyncTask.run(CraftAsyncTask.java:53)
	at org.github.paperspigot.ServerSchedulerReportingWrapper.run(ServerSchedulerReportingWrapper.java:23)
	at java.base/java.util.concurrent.ThreadPoolExecutor.runWorker(ThreadPoolExecutor.java:1144)
	at java.base/java.util.concurrent.ThreadPoolExecutor$Worker.run(ThreadPoolExecutor.java:642)
	at java.base/java.lang.Thread.run(Thread.java:1583)

[11-09 02:44:38]: [INFO] AuthMe 5.6.0-bCUSTOM disabled!
[11-09 02:44:41]: [INFO] SQLite Setup finished
[11-09 02:44:41]: [INFO] No supported permissions system found! Permissions are disabled!
[11-09 02:44:41]: [INFO] Hooked successfully into Essentials
[11-09 02:44:41]: [INFO] Essentials spawn file not found: '/workspaces/testbed/server/plugins/Essentials/spawn.yml'
[11-09 02:44:41]: [INFO] AuthMe 5.6.0 build n.CUSTOM successfully enabled!
[11-09 02:44:42]: [INFO] AuthMe 5.6.0-bCUSTOM disabled!
[11-09 02:44:58]: [INFO] SQLite Setup finished
[11-09 02:44:58]: [INFO] No supported permissions system found! Permissions are disabled!
[11-09 02:44:58]: [INFO] Hooked successfully into Essentials
[11-09 02:44:58]: [INFO] Essentials spawn file not found: '/workspaces/testbed/server/plugins/Essentials/spawn.yml'
[11-09 02:44:58]: [INFO] AuthMe 5.6.0 build n.CUSTOM successfully enabled!
[11-09 02:44:58]: [INFO] Downloading GEO IP database, because the old database is older than 30 days or doesn't exist
[11-09 02:44:58]: [WARN] No MaxMind credentials found in the configuration file! GeoIp protections will be disabled.
[11-09 02:44:58]: [INFO] There is no newer GEO IP database uploaded to MaxMind. Using the old one for now.
[11-09 02:44:58]: [WARN] Could not download GeoLiteAPI database [FileNotFoundException]: plugins/AuthMe/GeoLite2-Country.mmdb (No such file or directory)
[11-09 02:44:58]: java.io.FileNotFoundException: plugins/AuthMe/GeoLite2-Country.mmdb (No such file or directory)
	at java.base/java.io.RandomAccessFile.open0(Native Method)
	at java.base/java.io.RandomAccessFile.open(RandomAccessFile.java:356)
	at java.base/java.io.RandomAccessFile.<init>(RandomAccessFile.java:273)
	at java.base/java.io.RandomAccessFile.<init>(RandomAccessFile.java:223)
	at fr.xephi.authme.libs.com.maxmind.db.BufferHolder.<init>(BufferHolder.java:20)
	at fr.xephi.authme.libs.com.maxmind.db.Reader.<init>(Reader.java:121)
	at fr.xephi.authme.service.GeoIpService.startReading(GeoIpService.java:179)
	at fr.xephi.authme.service.GeoIpService.updateDatabase(GeoIpService.java:150)
	at org.bukkit.craftbukkit.v1_8_R3.scheduler.CraftTask.run(CraftTask.java:59)
	at org.bukkit.craftbukkit.v1_8_R3.scheduler.CraftAsyncTask.run(CraftAsyncTask.java:53)
	at org.github.paperspigot.ServerSchedulerReportingWrapper.run(ServerSchedulerReportingWrapper.java:23)
	at java.base/java.util.concurrent.ThreadPoolExecutor.runWorker(ThreadPoolExecutor.java:1144)
	at java.base/java.util.concurrent.ThreadPoolExecutor$Worker.run(ThreadPoolExecutor.java:642)
	at java.base/java.lang.Thread.run(Thread.java:1583)

[11-09 02:45:33]: [FINE] _QuestionMark_ logged in 0:0:0:0:0:0:0:1
[11-09 02:48:59]: [INFO] AuthMe 5.6.0-bCUSTOM disabled!
[11-09 02:49:03]: [INFO] SQLite Setup finished
[11-09 02:49:03]: [INFO] No supported permissions system found! Permissions are disabled!
[11-09 02:49:03]: [INFO] Hooked successfully into Essentials
[11-09 02:49:03]: [INFO] Essentials spawn file not found: '/workspaces/testbed/server/plugins/Essentials/spawn.yml'
[11-09 02:49:03]: [INFO] AuthMe 5.6.0 build n.CUSTOM successfully enabled!
[11-09 02:49:05]: [INFO] AuthMe 5.6.0-bCUSTOM disabled!
[11-09 02:49:51]: [INFO] SQLite Setup finished
[11-09 02:49:51]: [INFO] No supported permissions system found! Permissions are disabled!
[11-09 02:49:51]: [INFO] Hooked successfully into Essentials
[11-09 02:49:51]: [INFO] Essentials spawn file not found: '/workspaces/testbed/server/plugins/Essentials/spawn.yml'
[11-09 02:49:52]: [INFO] AuthMe 5.6.0 build n.CUSTOM successfully enabled!
[11-09 02:49:53]: [INFO] Downloading GEO IP database, because the old database is older than 30 days or doesn't exist
[11-09 02:49:53]: [WARN] No MaxMind credentials found in the configuration file! GeoIp protections will be disabled.
[11-09 02:49:53]: [INFO] There is no newer GEO IP database uploaded to MaxMind. Using the old one for now.
[11-09 02:49:53]: [WARN] Could not download GeoLiteAPI database [FileNotFoundException]: plugins/AuthMe/GeoLite2-Country.mmdb (No such file or directory)
[11-09 02:49:53]: java.io.FileNotFoundException: plugins/AuthMe/GeoLite2-Country.mmdb (No such file or directory)
	at java.base/java.io.RandomAccessFile.open0(Native Method)
	at java.base/java.io.RandomAccessFile.open(RandomAccessFile.java:356)
	at java.base/java.io.RandomAccessFile.<init>(RandomAccessFile.java:273)
	at java.base/java.io.RandomAccessFile.<init>(RandomAccessFile.java:223)
	at fr.xephi.authme.libs.com.maxmind.db.BufferHolder.<init>(BufferHolder.java:20)
	at fr.xephi.authme.libs.com.maxmind.db.Reader.<init>(Reader.java:121)
	at fr.xephi.authme.service.GeoIpService.startReading(GeoIpService.java:179)
	at fr.xephi.authme.service.GeoIpService.updateDatabase(GeoIpService.java:150)
	at org.bukkit.craftbukkit.v1_8_R3.scheduler.CraftTask.run(CraftTask.java:59)
	at org.bukkit.craftbukkit.v1_8_R3.scheduler.CraftAsyncTask.run(CraftAsyncTask.java:53)
	at org.github.paperspigot.ServerSchedulerReportingWrapper.run(ServerSchedulerReportingWrapper.java:23)
	at java.base/java.util.concurrent.ThreadPoolExecutor.runWorker(ThreadPoolExecutor.java:1144)
	at java.base/java.util.concurrent.ThreadPoolExecutor$Worker.run(ThreadPoolExecutor.java:642)
	at java.base/java.lang.Thread.run(Thread.java:1583)

[11-09 02:50:01]: [FINE] _QuestionMark_ logged in 0:0:0:0:0:0:0:1
[11-09 02:52:09]: [FINE] _QuestionMark_ logged in 0:0:0:0:0:0:0:1
[11-09 04:39:00]: [INFO] SQLite Setup finished
[11-09 04:39:00]: [INFO] No supported permissions system found! Permissions are disabled!
[11-09 04:39:00]: [INFO] Hooked successfully into Essentials
[11-09 04:39:00]: [INFO] Essentials spawn file not found: '/workspaces/testbed/server/plugins/Essentials/spawn.yml'
[11-09 04:39:00]: [INFO] AuthMe 5.6.0 build n.CUSTOM successfully enabled!
[11-09 04:39:02]: [INFO] Downloading GEO IP database, because the old database is older than 30 days or doesn't exist
[11-09 04:39:02]: [WARN] No MaxMind credentials found in the configuration file! GeoIp protections will be disabled.
[11-09 04:39:02]: [INFO] There is no newer GEO IP database uploaded to MaxMind. Using the old one for now.
[11-09 04:39:02]: [WARN] Could not download GeoLiteAPI database [FileNotFoundException]: plugins/AuthMe/GeoLite2-Country.mmdb (No such file or directory)
[11-09 04:39:02]: java.io.FileNotFoundException: plugins/AuthMe/GeoLite2-Country.mmdb (No such file or directory)
	at java.base/java.io.RandomAccessFile.open0(Native Method)
	at java.base/java.io.RandomAccessFile.open(RandomAccessFile.java:356)
	at java.base/java.io.RandomAccessFile.<init>(RandomAccessFile.java:273)
	at java.base/java.io.RandomAccessFile.<init>(RandomAccessFile.java:223)
	at fr.xephi.authme.libs.com.maxmind.db.BufferHolder.<init>(BufferHolder.java:20)
	at fr.xephi.authme.libs.com.maxmind.db.Reader.<init>(Reader.java:121)
	at fr.xephi.authme.service.GeoIpService.startReading(GeoIpService.java:179)
	at fr.xephi.authme.service.GeoIpService.updateDatabase(GeoIpService.java:150)
	at org.bukkit.craftbukkit.v1_8_R3.scheduler.CraftTask.run(CraftTask.java:59)
	at org.bukkit.craftbukkit.v1_8_R3.scheduler.CraftAsyncTask.run(CraftAsyncTask.java:53)
	at org.github.paperspigot.ServerSchedulerReportingWrapper.run(ServerSchedulerReportingWrapper.java:23)
	at java.base/java.util.concurrent.ThreadPoolExecutor.runWorker(ThreadPoolExecutor.java:1144)
	at java.base/java.util.concurrent.ThreadPoolExecutor$Worker.run(ThreadPoolExecutor.java:642)
	at java.base/java.lang.Thread.run(Thread.java:1583)

[11-09 04:42:22]: [FINE] _QuestionMark_ logged in 0:0:0:0:0:0:0:1
[11-09 23:51:58]: [INFO] SQLite Setup finished
[11-09 23:51:58]: [INFO] No supported permissions system found! Permissions are disabled!
[11-09 23:51:58]: [INFO] Hooked successfully into Essentials
[11-09 23:51:58]: [INFO] Essentials spawn file not found: '/workspaces/testbed/server/plugins/Essentials/spawn.yml'
[11-09 23:51:59]: [INFO] AuthMe 5.6.0 build n.CUSTOM successfully enabled!
[11-09 23:52:02]: [INFO] Downloading GEO IP database, because the old database is older than 30 days or doesn't exist
[11-09 23:52:02]: [WARN] No MaxMind credentials found in the configuration file! GeoIp protections will be disabled.
[11-09 23:52:02]: [INFO] There is no newer GEO IP database uploaded to MaxMind. Using the old one for now.
[11-09 23:52:02]: [WARN] Could not download GeoLiteAPI database [FileNotFoundException]: plugins/AuthMe/GeoLite2-Country.mmdb (No such file or directory)
[11-09 23:52:02]: java.io.FileNotFoundException: plugins/AuthMe/GeoLite2-Country.mmdb (No such file or directory)
	at java.base/java.io.RandomAccessFile.open0(Native Method)
	at java.base/java.io.RandomAccessFile.open(RandomAccessFile.java:356)
	at java.base/java.io.RandomAccessFile.<init>(RandomAccessFile.java:273)
	at java.base/java.io.RandomAccessFile.<init>(RandomAccessFile.java:223)
	at fr.xephi.authme.libs.com.maxmind.db.BufferHolder.<init>(BufferHolder.java:20)
	at fr.xephi.authme.libs.com.maxmind.db.Reader.<init>(Reader.java:121)
	at fr.xephi.authme.service.GeoIpService.startReading(GeoIpService.java:179)
	at fr.xephi.authme.service.GeoIpService.updateDatabase(GeoIpService.java:150)
	at org.bukkit.craftbukkit.v1_8_R3.scheduler.CraftTask.run(CraftTask.java:59)
	at org.bukkit.craftbukkit.v1_8_R3.scheduler.CraftAsyncTask.run(CraftAsyncTask.java:53)
	at org.github.paperspigot.ServerSchedulerReportingWrapper.run(ServerSchedulerReportingWrapper.java:23)
	at java.base/java.util.concurrent.ThreadPoolExecutor.runWorker(ThreadPoolExecutor.java:1144)
	at java.base/java.util.concurrent.ThreadPoolExecutor$Worker.run(ThreadPoolExecutor.java:642)
	at java.base/java.lang.Thread.run(Thread.java:1583)

[11-09 23:58:27]: [FINE] _QuestionMark_ logged in 0:0:0:0:0:0:0:1
[11-10 00:00:06]: [FINE] MrFlop registered 0:0:0:0:0:0:0:1
[11-10 00:00:06]: [FINE] The user MrFlop has 2 accounts:
[11-10 00:00:06]: [FINE] §7§a_QuestionMark_§7, §aMrFlop§7.
[11-10 00:00:06]: [FINE] MrFlop logged in 0:0:0:0:0:0:0:1
[11-10 00:16:36]: [FINE] The user _QuestionMark_ has 2 accounts:
[11-10 00:16:36]: [FINE] §7§a_QuestionMark_§7, §aMrFlop§7.
[11-10 00:16:36]: [FINE] _QuestionMark_ logged in 0:0:0:0:0:0:0:1
[11-10 00:51:47]: [INFO] SQLite Setup finished
[11-10 00:51:47]: [INFO] No supported permissions system found! Permissions are disabled!
[11-10 00:51:47]: [INFO] Hooked successfully into Essentials
[11-10 00:51:47]: [INFO] Essentials spawn file not found: '/workspaces/testbed/server/plugins/Essentials/spawn.yml'
[11-10 00:51:47]: [INFO] AuthMe 5.6.0 build n.CUSTOM successfully enabled!
[11-10 00:51:49]: [INFO] Downloading GEO IP database, because the old database is older than 30 days or doesn't exist
[11-10 00:51:49]: [WARN] No MaxMind credentials found in the configuration file! GeoIp protections will be disabled.
[11-10 00:51:49]: [INFO] There is no newer GEO IP database uploaded to MaxMind. Using the old one for now.
[11-10 00:51:49]: [WARN] Could not download GeoLiteAPI database [FileNotFoundException]: plugins/AuthMe/GeoLite2-Country.mmdb (No such file or directory)
[11-10 00:51:49]: java.io.FileNotFoundException: plugins/AuthMe/GeoLite2-Country.mmdb (No such file or directory)
	at java.base/java.io.RandomAccessFile.open0(Native Method)
	at java.base/java.io.RandomAccessFile.open(RandomAccessFile.java:356)
	at java.base/java.io.RandomAccessFile.<init>(RandomAccessFile.java:273)
	at java.base/java.io.RandomAccessFile.<init>(RandomAccessFile.java:223)
	at fr.xephi.authme.libs.com.maxmind.db.BufferHolder.<init>(BufferHolder.java:20)
	at fr.xephi.authme.libs.com.maxmind.db.Reader.<init>(Reader.java:121)
	at fr.xephi.authme.service.GeoIpService.startReading(GeoIpService.java:179)
	at fr.xephi.authme.service.GeoIpService.updateDatabase(GeoIpService.java:150)
	at org.bukkit.craftbukkit.v1_8_R3.scheduler.CraftTask.run(CraftTask.java:59)
	at org.bukkit.craftbukkit.v1_8_R3.scheduler.CraftAsyncTask.run(CraftAsyncTask.java:53)
	at org.github.paperspigot.ServerSchedulerReportingWrapper.run(ServerSchedulerReportingWrapper.java:23)
	at java.base/java.util.concurrent.ThreadPoolExecutor.runWorker(ThreadPoolExecutor.java:1144)
	at java.base/java.util.concurrent.ThreadPoolExecutor$Worker.run(ThreadPoolExecutor.java:642)
	at java.base/java.lang.Thread.run(Thread.java:1583)

[11-10 01:00:44]: [FINE] The user MrFlop has 2 accounts:
[11-10 01:00:44]: [FINE] §7_questionmark_, §aMrFlop§7.
[11-10 01:00:44]: [FINE] MrFlop logged in 0:0:0:0:0:0:0:1
[11-10 01:07:41]: [FINE] The user _QuestionMark_ has 2 accounts:
[11-10 01:07:41]: [FINE] §7§a_QuestionMark_§7, §aMrFlop§7.
[11-10 01:07:41]: [FINE] _QuestionMark_ logged in 0:0:0:0:0:0:0:1
[11-10 01:38:43]: [INFO] AuthMe 5.6.0-bCUSTOM disabled!
[11-10 01:38:55]: [INFO] SQLite Setup finished
[11-10 01:38:55]: [INFO] Hooked into LuckPerms!
[11-10 01:38:56]: [INFO] Hooked successfully into Essentials
[11-10 01:38:56]: [INFO] Essentials spawn file not found: '/workspaces/testbed/server/plugins/Essentials/spawn.yml'
[11-10 01:38:56]: [INFO] AuthMe 5.6.0 build n.CUSTOM successfully enabled!
[11-10 01:38:58]: [INFO] AuthMe 5.6.0-bCUSTOM disabled!
[11-10 01:39:22]: [INFO] SQLite Setup finished
[11-10 01:39:22]: [INFO] Hooked into LuckPerms!
[11-10 01:39:23]: [INFO] Hooked successfully into Essentials
[11-10 01:39:23]: [INFO] Essentials spawn file not found: '/workspaces/testbed/server/plugins/Essentials/spawn.yml'
[11-10 01:39:23]: [INFO] AuthMe 5.6.0 build n.CUSTOM successfully enabled!
[11-10 01:39:25]: [INFO] Downloading GEO IP database, because the old database is older than 30 days or doesn't exist
[11-10 01:39:25]: [WARN] No MaxMind credentials found in the configuration file! GeoIp protections will be disabled.
[11-10 01:39:25]: [INFO] There is no newer GEO IP database uploaded to MaxMind. Using the old one for now.
[11-10 01:39:25]: [WARN] Could not download GeoLiteAPI database [FileNotFoundException]: plugins/AuthMe/GeoLite2-Country.mmdb (No such file or directory)
[11-10 01:39:25]: java.io.FileNotFoundException: plugins/AuthMe/GeoLite2-Country.mmdb (No such file or directory)
	at java.base/java.io.RandomAccessFile.open0(Native Method)
	at java.base/java.io.RandomAccessFile.open(RandomAccessFile.java:356)
	at java.base/java.io.RandomAccessFile.<init>(RandomAccessFile.java:273)
	at java.base/java.io.RandomAccessFile.<init>(RandomAccessFile.java:223)
	at fr.xephi.authme.libs.com.maxmind.db.BufferHolder.<init>(BufferHolder.java:20)
	at fr.xephi.authme.libs.com.maxmind.db.Reader.<init>(Reader.java:121)
	at fr.xephi.authme.service.GeoIpService.startReading(GeoIpService.java:179)
	at fr.xephi.authme.service.GeoIpService.updateDatabase(GeoIpService.java:150)
	at org.bukkit.craftbukkit.v1_8_R3.scheduler.CraftTask.run(CraftTask.java:59)
	at org.bukkit.craftbukkit.v1_8_R3.scheduler.CraftAsyncTask.run(CraftAsyncTask.java:53)
	at org.github.paperspigot.ServerSchedulerReportingWrapper.run(ServerSchedulerReportingWrapper.java:23)
	at java.base/java.util.concurrent.ThreadPoolExecutor.runWorker(ThreadPoolExecutor.java:1144)
	at java.base/java.util.concurrent.ThreadPoolExecutor$Worker.run(ThreadPoolExecutor.java:642)
	at java.base/java.lang.Thread.run(Thread.java:1583)

[11-10 01:40:25]: [FINE] The user MrFlop has 2 accounts:
[11-10 01:40:25]: [FINE] §7_questionmark_, §aMrFlop§7.
[11-10 01:40:25]: [FINE] MrFlop logged in 0:0:0:0:0:0:0:1
[11-10 01:53:56]: [FINE] The user MrFlop has 2 accounts:
[11-10 01:53:56]: [FINE] §7_questionmark_, §aMrFlop§7.
[11-10 01:53:56]: [FINE] MrFlop logged in 0:0:0:0:0:0:0:1
